<?xml version="1.0" encoding="UTF-8" ?>
<testsuite tests="11" failures="0" name="com.lin.mapper.BrandMapperTest" time="0.375" errors="0" skipped="0">
    <properties>
        <property name="idea.version" value="2021.1.3"/>
        <property name="java.runtime.name" value="Java(TM) SE Runtime Environment"/>
        <property name="sun.boot.library.path"
                  value="/Library/Java/JavaVirtualMachines/jdk1.8.0_333.jdk/Contents/Home/jre/lib"/>
        <property name="java.vm.version" value="25.333-b02"/>
        <property name="gopherProxySet" value="false"/>
        <property name="java.vm.vendor" value="Oracle Corporation"/>
        <property name="maven.multiModuleProjectDirectory" value="/Users/linsz/Documents/idea/JavaForAll/javaweb"/>
        <property name="java.vendor.url" value="http://java.oracle.com/"/>
        <property name="path.separator" value=":"/>
        <property name="guice.disable.misplaced.annotation.check" value="true"/>
        <property name="java.vm.name" value="Java HotSpot(TM) 64-Bit Server VM"/>
        <property name="file.encoding.pkg" value="sun.io"/>
        <property name="user.country" value="CN"/>
        <property name="sun.java.launcher" value="SUN_STANDARD"/>
        <property name="sun.os.patch.level" value="unknown"/>
        <property name="java.vm.specification.name" value="Java Virtual Machine Specification"/>
        <property name="user.dir" value="/Users/linsz/Documents/idea/JavaForAll/javaweb"/>
        <property name="java.runtime.version" value="1.8.0_333-b02"/>
        <property name="java.awt.graphicsenv" value="sun.awt.CGraphicsEnvironment"/>
        <property name="java.endorsed.dirs"
                  value="/Library/Java/JavaVirtualMachines/jdk1.8.0_333.jdk/Contents/Home/jre/lib/endorsed"/>
        <property name="os.arch" value="x86_64"/>
        <property name="java.io.tmpdir" value="/var/folders/88/7bx6grrs31xczyvv1mwn_flh0000gn/T/"/>
        <property name="line.separator" value="
"/>
        <property name="java.vm.specification.vendor" value="Oracle Corporation"/>
        <property name="os.name" value="Mac OS X"/>
        <property name="maven.ext.class.path"
                  value="/Applications/2021.1.app/Contents/plugins/maven/lib/maven-event-listener.jar"/>
        <property name="classworlds.conf" value="/Users/linsz/Documents/env/apache-maven-3.6.3/bin/m2.conf"/>
        <property name="sun.jnu.encoding" value="UTF-8"/>
        <property name="java.library.path"
                  value="/Users/linsz/Library/Java/Extensions:/Library/Java/Extensions:/Network/Library/Java/Extensions:/System/Library/Java/Extensions:/usr/lib/java:."/>
        <property name="maven.conf" value="/Users/linsz/Documents/env/apache-maven-3.6.3/conf"/>
        <property name="java.specification.name" value="Java Platform API Specification"/>
        <property name="java.class.version" value="52.0"/>
        <property name="sun.management.compiler" value="HotSpot 64-Bit Tiered Compilers"/>
        <property name="os.version" value="12.2.1"/>
        <property name="http.nonProxyHosts" value="local|*.local|169.254/16|*.169.254/16"/>
        <property name="user.home" value="/Users/linsz"/>
        <property name="user.timezone" value="Asia/Shanghai"/>
        <property name="java.awt.printerjob" value="sun.lwawt.macosx.CPrinterJob"/>
        <property name="java.specification.version" value="1.8"/>
        <property name="file.encoding" value="UTF-8"/>
        <property name="user.name" value="linsz"/>
        <property name="java.class.path"
                  value="/Users/linsz/Documents/env/apache-maven-3.6.3/boot/plexus-classworlds.license:/Users/linsz/Documents/env/apache-maven-3.6.3/boot/plexus-classworlds-2.6.0.jar:/Applications/2021.1.app/Contents/lib/idea_rt.jar"/>
        <property name="java.vm.specification.version" value="1.8"/>
        <property name="sun.arch.data.model" value="64"/>
        <property name="java.home" value="/Library/Java/JavaVirtualMachines/jdk1.8.0_333.jdk/Contents/Home/jre"/>
        <property name="sun.java.command"
                  value="org.codehaus.classworlds.Launcher -Didea.version=2021.1.3 -s /Users/linsz/Documents/env/apache-maven-3.6.3/conf/settings.xml install"/>
        <property name="java.specification.vendor" value="Oracle Corporation"/>
        <property name="user.language" value="zh"/>
        <property name="awt.toolkit" value="sun.lwawt.macosx.LWCToolkit"/>
        <property name="java.vm.info" value="mixed mode"/>
        <property name="java.version" value="1.8.0_333"/>
        <property name="java.ext.dirs"
                  value="/Users/linsz/Library/Java/Extensions:/Library/Java/JavaVirtualMachines/jdk1.8.0_333.jdk/Contents/Home/jre/lib/ext:/Library/Java/Extensions:/Network/Library/Java/Extensions:/System/Library/Java/Extensions:/usr/lib/java"/>
        <property name="sun.boot.class.path"
                  value="/Library/Java/JavaVirtualMachines/jdk1.8.0_333.jdk/Contents/Home/jre/lib/resources.jar:/Library/Java/JavaVirtualMachines/jdk1.8.0_333.jdk/Contents/Home/jre/lib/rt.jar:/Library/Java/JavaVirtualMachines/jdk1.8.0_333.jdk/Contents/Home/jre/lib/sunrsasign.jar:/Library/Java/JavaVirtualMachines/jdk1.8.0_333.jdk/Contents/Home/jre/lib/jsse.jar:/Library/Java/JavaVirtualMachines/jdk1.8.0_333.jdk/Contents/Home/jre/lib/jce.jar:/Library/Java/JavaVirtualMachines/jdk1.8.0_333.jdk/Contents/Home/jre/lib/charsets.jar:/Library/Java/JavaVirtualMachines/jdk1.8.0_333.jdk/Contents/Home/jre/lib/jfr.jar:/Library/Java/JavaVirtualMachines/jdk1.8.0_333.jdk/Contents/Home/jre/classes"/>
        <property name="java.vendor" value="Oracle Corporation"/>
        <property name="maven.home" value="/Users/linsz/Documents/env/apache-maven-3.6.3"/>
        <property name="file.separator" value="/"/>
        <property name="java.vendor.url.bug" value="http://bugreport.sun.com/bugreport/"/>
        <property name="sun.cpu.endian" value="little"/>
        <property name="sun.io.unicode.encoding" value="UnicodeBig"/>
        <property name="socksNonProxyHosts" value="local|*.local|169.254/16|*.169.254/16"/>
        <property name="ftp.nonProxyHosts" value="local|*.local|169.254/16|*.169.254/16"/>
        <property name="sun.cpu.isalist" value=""/>
    </properties>
    <testcase classname="com.lin.mapper.BrandMapperTest" name="selectById" time="0.304"/>
    <testcase classname="com.lin.mapper.BrandMapperTest" name="selectAllBrand" time="0.001"/>
    <testcase classname="com.lin.mapper.BrandMapperTest" name="SelectByConditionDTO" time="0.013"/>
    <testcase classname="com.lin.mapper.BrandMapperTest" name="addBrand" time="0.007"/>
    <testcase classname="com.lin.mapper.BrandMapperTest" name="updateBrand" time="0.001"/>
    <testcase classname="com.lin.mapper.BrandMapperTest" name="deleteBrandByIds" time="0.027"/>
    <testcase classname="com.lin.mapper.BrandMapperTest" name="deleteBrandByIdsUseList" time="0.003"/>
    <testcase classname="com.lin.mapper.BrandMapperTest" name="deleteBrandById" time="0.001"/>
    <testcase classname="com.lin.mapper.BrandMapperTest" name="selectByConditionUseMap" time="0.005"/>
    <testcase classname="com.lin.mapper.BrandMapperTest" name="selectByCondition" time="0.005"/>
    <testcase classname="com.lin.mapper.BrandMapperTest" name="selectBrandBySingleType" time="0.008"/>
</testsuite>